  [1m[35m (1709.4ms)[0m  [1m[35mCREATE DATABASE "first_route_development" ENCODING = 'unicode'[0m
  ↳ bin/rails:9
  [1m[35m (842.9ms)[0m  [1m[35mCREATE DATABASE "first_route_test" ENCODING = 'unicode'[0m
  ↳ bin/rails:9
Started GET "/" for ::1 at 2020-10-27 11:27:04 +0300
Processing by Rails::WelcomeController#index as HTML
  Rendering /home/biruk/.rbenv/versions/2.7.1/lib/ruby/gems/2.7.0/gems/railties-5.2.4.4/lib/rails/templates/rails/welcome/index.html.erb
  Rendered /home/biruk/.rbenv/versions/2.7.1/lib/ruby/gems/2.7.0/gems/railties-5.2.4.4/lib/rails/templates/rails/welcome/index.html.erb (6.3ms)
Completed 200 OK in 60ms (Views: 27.0ms | ActiveRecord: 0.0ms)


Started GET "/" for ::1 at 2020-10-27 11:29:05 +0300
Processing by Rails::WelcomeController#index as */*
  Rendering /home/biruk/.rbenv/versions/2.7.1/lib/ruby/gems/2.7.0/gems/railties-5.2.4.4/lib/rails/templates/rails/welcome/index.html.erb
  Rendered /home/biruk/.rbenv/versions/2.7.1/lib/ruby/gems/2.7.0/gems/railties-5.2.4.4/lib/rails/templates/rails/welcome/index.html.erb (5.5ms)
Completed 200 OK in 23ms (Views: 13.4ms | ActiveRecord: 0.0ms)


Started GET "/users" for ::1 at 2020-10-27 11:36:34 +0300

AbstractController::ActionNotFound - The action 'index' could not be found for UsersController:

Started GET "/users" for ::1 at 2020-10-27 11:37:04 +0300

AbstractController::ActionNotFound - The action 'index' could not be found for UsersController:

Started POST "/__better_errors/0c2937f99b43731a/variables" for ::1 at 2020-10-27 11:37:05 +0300
Started GET "/users" for ::1 at 2020-10-27 11:40:55 +0300
Processing by UsersController#index as HTML
Completed 406 Not Acceptable in 14ms (ActiveRecord: 0.0ms)



ActionController::UnknownFormat - UsersController#index is missing a template for this request format and variant.
request.formats: ["text/html"]
request.variant: []
NOTE! For XHR/Ajax or API requests, this action would normally respond with 204 No Content: an empty white screen. Since you're loading it in a web browser, we assume that you expected to actually render a template, not nothing, so we're showing an error to be extra-clear. If you expect 204 No Content, carry on. That's what you'll get from an XHR or API request. Give it a shot.:

Started POST "/__better_errors/50d725c58931cf06/variables" for ::1 at 2020-10-27 11:40:56 +0300
Started GET "/users" for ::1 at 2020-10-27 11:42:03 +0300
Processing by UsersController#index as */*
No template found for UsersController#index, rendering head :no_content
Completed 204 No Content in 11ms (ActiveRecord: 0.0ms)


Started GET "/users" for ::1 at 2020-10-27 11:43:54 +0300
Processing by UsersController#index as HTML
  Rendering text template
  Rendered text template (0.0ms)
Completed 200 OK in 63ms (Views: 62.0ms | ActiveRecord: 0.0ms)


Started GET "/users" for ::1 at 2020-10-27 11:44:00 +0300
Processing by UsersController#index as */*
  Rendering text template
  Rendered text template (0.0ms)
Completed 200 OK in 1ms (Views: 0.4ms | ActiveRecord: 0.0ms)


Started GET "/users?fav_food=pizza" for ::1 at 2020-10-27 11:46:10 +0300
Processing by UsersController#index as */*
  Parameters: {"fav_food"=>"pizza"}
  Rendering text template
  Rendered text template (0.0ms)
Completed 200 OK in 4ms (Views: 3.7ms | ActiveRecord: 0.0ms)


Started POST "/users" for ::1 at 2020-10-27 11:49:12 +0300

AbstractController::ActionNotFound - The action 'create' could not be found for UsersController:

Started POST "/users" for ::1 at 2020-10-27 11:49:51 +0300
Processing by UsersController#create as */*
  Parameters: {"users"=>{"name"=>"xyz"}, "user"=>{"users"=>{"name"=>"xyz"}}}
Completed 200 OK in 1ms (Views: 0.3ms | ActiveRecord: 0.0ms)


Started POST "/users" for ::1 at 2020-10-27 11:50:29 +0300
Processing by UsersController#create as */*
  Parameters: {"name"=>"xyz", "user"=>{"name"=>"xyz"}}
Completed 200 OK in 1ms (Views: 0.3ms | ActiveRecord: 0.0ms)


Started POST "/users" for ::1 at 2020-10-27 11:50:54 +0300
Processing by UsersController#create as */*
  Parameters: {"name"=>"xyz", "age"=>50, "user"=>{"name"=>"xyz", "age"=>50}}
Completed 200 OK in 1ms (Views: 0.2ms | ActiveRecord: 0.0ms)


Started POST "/users/10" for ::1 at 2020-10-27 11:53:49 +0300
  
ActionController::RoutingError (No route matches [POST] "/users/10"):
  
actionpack (5.2.4.4) lib/action_dispatch/middleware/debug_exceptions.rb:65:in `call'
web-console (3.7.0) lib/web_console/middleware.rb:135:in `call_app'
web-console (3.7.0) lib/web_console/middleware.rb:30:in `block in call'
web-console (3.7.0) lib/web_console/middleware.rb:20:in `catch'
web-console (3.7.0) lib/web_console/middleware.rb:20:in `call'
actionpack (5.2.4.4) lib/action_dispatch/middleware/show_exceptions.rb:33:in `call'
railties (5.2.4.4) lib/rails/rack/logger.rb:38:in `call_app'
railties (5.2.4.4) lib/rails/rack/logger.rb:26:in `block in call'
activesupport (5.2.4.4) lib/active_support/tagged_logging.rb:71:in `block in tagged'
activesupport (5.2.4.4) lib/active_support/tagged_logging.rb:28:in `tagged'
activesupport (5.2.4.4) lib/active_support/tagged_logging.rb:71:in `tagged'
railties (5.2.4.4) lib/rails/rack/logger.rb:26:in `call'
sprockets-rails (3.2.2) lib/sprockets/rails/quiet_assets.rb:13:in `call'
actionpack (5.2.4.4) lib/action_dispatch/middleware/remote_ip.rb:81:in `call'
actionpack (5.2.4.4) lib/action_dispatch/middleware/request_id.rb:27:in `call'
rack (2.2.3) lib/rack/method_override.rb:24:in `call'
rack (2.2.3) lib/rack/runtime.rb:22:in `call'
activesupport (5.2.4.4) lib/active_support/cache/strategy/local_cache_middleware.rb:29:in `call'
actionpack (5.2.4.4) lib/action_dispatch/middleware/executor.rb:14:in `call'
actionpack (5.2.4.4) lib/action_dispatch/middleware/static.rb:127:in `call'
rack (2.2.3) lib/rack/sendfile.rb:110:in `call'
railties (5.2.4.4) lib/rails/engine.rb:524:in `call'
puma (3.12.6) lib/puma/configuration.rb:227:in `call'
puma (3.12.6) lib/puma/server.rb:706:in `handle_request'
puma (3.12.6) lib/puma/server.rb:476:in `process_client'
puma (3.12.6) lib/puma/server.rb:334:in `block in run'
puma (3.12.6) lib/puma/thread_pool.rb:135:in `block in spawn_thread'
Started POST "/user/10" for ::1 at 2020-10-27 11:54:04 +0300
  
ActionController::RoutingError (No route matches [POST] "/user/10"):
  
actionpack (5.2.4.4) lib/action_dispatch/middleware/debug_exceptions.rb:65:in `call'
web-console (3.7.0) lib/web_console/middleware.rb:135:in `call_app'
web-console (3.7.0) lib/web_console/middleware.rb:30:in `block in call'
web-console (3.7.0) lib/web_console/middleware.rb:20:in `catch'
web-console (3.7.0) lib/web_console/middleware.rb:20:in `call'
actionpack (5.2.4.4) lib/action_dispatch/middleware/show_exceptions.rb:33:in `call'
railties (5.2.4.4) lib/rails/rack/logger.rb:38:in `call_app'
railties (5.2.4.4) lib/rails/rack/logger.rb:26:in `block in call'
activesupport (5.2.4.4) lib/active_support/tagged_logging.rb:71:in `block in tagged'
activesupport (5.2.4.4) lib/active_support/tagged_logging.rb:28:in `tagged'
activesupport (5.2.4.4) lib/active_support/tagged_logging.rb:71:in `tagged'
railties (5.2.4.4) lib/rails/rack/logger.rb:26:in `call'
sprockets-rails (3.2.2) lib/sprockets/rails/quiet_assets.rb:13:in `call'
actionpack (5.2.4.4) lib/action_dispatch/middleware/remote_ip.rb:81:in `call'
actionpack (5.2.4.4) lib/action_dispatch/middleware/request_id.rb:27:in `call'
rack (2.2.3) lib/rack/method_override.rb:24:in `call'
rack (2.2.3) lib/rack/runtime.rb:22:in `call'
activesupport (5.2.4.4) lib/active_support/cache/strategy/local_cache_middleware.rb:29:in `call'
actionpack (5.2.4.4) lib/action_dispatch/middleware/executor.rb:14:in `call'
actionpack (5.2.4.4) lib/action_dispatch/middleware/static.rb:127:in `call'
rack (2.2.3) lib/rack/sendfile.rb:110:in `call'
railties (5.2.4.4) lib/rails/engine.rb:524:in `call'
puma (3.12.6) lib/puma/configuration.rb:227:in `call'
puma (3.12.6) lib/puma/server.rb:706:in `handle_request'
puma (3.12.6) lib/puma/server.rb:476:in `process_client'
puma (3.12.6) lib/puma/server.rb:334:in `block in run'
puma (3.12.6) lib/puma/thread_pool.rb:135:in `block in spawn_thread'
Started POST "/users/10" for ::1 at 2020-10-27 11:54:26 +0300
  
ActionController::RoutingError (No route matches [POST] "/users/10"):
  
actionpack (5.2.4.4) lib/action_dispatch/middleware/debug_exceptions.rb:65:in `call'
web-console (3.7.0) lib/web_console/middleware.rb:135:in `call_app'
web-console (3.7.0) lib/web_console/middleware.rb:30:in `block in call'
web-console (3.7.0) lib/web_console/middleware.rb:20:in `catch'
web-console (3.7.0) lib/web_console/middleware.rb:20:in `call'
actionpack (5.2.4.4) lib/action_dispatch/middleware/show_exceptions.rb:33:in `call'
railties (5.2.4.4) lib/rails/rack/logger.rb:38:in `call_app'
railties (5.2.4.4) lib/rails/rack/logger.rb:26:in `block in call'
activesupport (5.2.4.4) lib/active_support/tagged_logging.rb:71:in `block in tagged'
activesupport (5.2.4.4) lib/active_support/tagged_logging.rb:28:in `tagged'
activesupport (5.2.4.4) lib/active_support/tagged_logging.rb:71:in `tagged'
railties (5.2.4.4) lib/rails/rack/logger.rb:26:in `call'
sprockets-rails (3.2.2) lib/sprockets/rails/quiet_assets.rb:13:in `call'
actionpack (5.2.4.4) lib/action_dispatch/middleware/remote_ip.rb:81:in `call'
actionpack (5.2.4.4) lib/action_dispatch/middleware/request_id.rb:27:in `call'
rack (2.2.3) lib/rack/method_override.rb:24:in `call'
rack (2.2.3) lib/rack/runtime.rb:22:in `call'
activesupport (5.2.4.4) lib/active_support/cache/strategy/local_cache_middleware.rb:29:in `call'
actionpack (5.2.4.4) lib/action_dispatch/middleware/executor.rb:14:in `call'
actionpack (5.2.4.4) lib/action_dispatch/middleware/static.rb:127:in `call'
rack (2.2.3) lib/rack/sendfile.rb:110:in `call'
railties (5.2.4.4) lib/rails/engine.rb:524:in `call'
puma (3.12.6) lib/puma/configuration.rb:227:in `call'
puma (3.12.6) lib/puma/server.rb:706:in `handle_request'
puma (3.12.6) lib/puma/server.rb:476:in `process_client'
puma (3.12.6) lib/puma/server.rb:334:in `block in run'
puma (3.12.6) lib/puma/thread_pool.rb:135:in `block in spawn_thread'
Started GET "/users/10" for ::1 at 2020-10-27 11:54:53 +0300
Processing by UsersController#show as */*
  Parameters: {"id"=>"10"}
Completed 200 OK in 1ms (Views: 0.3ms | ActiveRecord: 0.0ms)


Started POST "/users?some_category[a_key]=another+value&some_category[a_second_key]=yet+another+value" for ::1 at 2020-10-27 11:58:31 +0300
Processing by UsersController#create as */*
  Parameters: {"some_category"=>{"a_key"=>"another value", "a_second_key"=>"yet another value"}, "something_else"=>"'aaahhhhh'"}
Completed 200 OK in 1ms (Views: 0.2ms | ActiveRecord: 0.0ms)


Started GET "/users/10?some_category[a_key]=another+value&some_category[a_second_key]=yet+another+value" for ::1 at 2020-10-27 11:59:05 +0300
Processing by UsersController#show as */*
  Parameters: {"some_category"=>{"a_key"=>"another value", "a_second_key"=>"yet another value"}, "something_else"=>"'aaahhhhh'", "id"=>"10"}
Completed 200 OK in 1ms (Views: 0.3ms | ActiveRecord: 0.0ms)


  [1m[35m (502.7ms)[0m  [1m[35mCREATE TABLE "schema_migrations" ("version" character varying NOT NULL PRIMARY KEY)[0m
  ↳ bin/rails:9
  [1m[35m (128.4ms)[0m  [1m[35mCREATE TABLE "ar_internal_metadata" ("key" character varying NOT NULL PRIMARY KEY, "value" character varying, "created_at" timestamp NOT NULL, "updated_at" timestamp NOT NULL)[0m
  ↳ bin/rails:9
  [1m[35m (0.4ms)[0m  [1m[34mSELECT pg_try_advisory_lock(971524012308289650)[0m
  ↳ bin/rails:9
  [1m[35m (0.6ms)[0m  [1m[34mSELECT "schema_migrations"."version" FROM "schema_migrations" ORDER BY "schema_migrations"."version" ASC[0m
  ↳ bin/rails:9
Migrating to CreateUsers (20201027090246)
  [1m[35m (0.3ms)[0m  [1m[35mBEGIN[0m
  ↳ bin/rails:9
  [1m[35m (143.1ms)[0m  [1m[35mCREATE TABLE "users" ("id" bigserial primary key, "name" character varying NOT NULL, "email" character varying NOT NULL, "created_at" timestamp NOT NULL, "updated_at" timestamp NOT NULL)[0m
  ↳ db/migrate/20201027090246_create_users.rb:3
  [1m[36mActiveRecord::SchemaMigration Create (0.7ms)[0m  [1m[32mINSERT INTO "schema_migrations" ("version") VALUES ($1) RETURNING "version"[0m  [["version", "20201027090246"]]
  ↳ bin/rails:9
  [1m[35m (50.6ms)[0m  [1m[35mCOMMIT[0m
  ↳ bin/rails:9
  [1m[36mActiveRecord::InternalMetadata Load (0.6ms)[0m  [1m[34mSELECT  "ar_internal_metadata".* FROM "ar_internal_metadata" WHERE "ar_internal_metadata"."key" = $1 LIMIT $2[0m  [["key", "environment"], ["LIMIT", 1]]
  ↳ bin/rails:9
  [1m[35m (0.1ms)[0m  [1m[35mBEGIN[0m
  ↳ bin/rails:9
  [1m[36mActiveRecord::InternalMetadata Create (0.7ms)[0m  [1m[32mINSERT INTO "ar_internal_metadata" ("key", "value", "created_at", "updated_at") VALUES ($1, $2, $3, $4) RETURNING "key"[0m  [["key", "environment"], ["value", "development"], ["created_at", "2020-10-27 09:04:28.000524"], ["updated_at", "2020-10-27 09:04:28.000524"]]
  ↳ bin/rails:9
  [1m[35m (31.3ms)[0m  [1m[35mCOMMIT[0m
  ↳ bin/rails:9
  [1m[35m (0.5ms)[0m  [1m[34mSELECT pg_advisory_unlock(971524012308289650)[0m
  ↳ bin/rails:9
  [1m[35m (0.4ms)[0m  [1m[34mSELECT "schema_migrations"."version" FROM "schema_migrations" ORDER BY "schema_migrations"."version" ASC[0m
  ↳ bin/rails:9
  [1m[35m (0.9ms)[0m  [1m[34mSELECT "schema_migrations"."version" FROM "schema_migrations" ORDER BY "schema_migrations"."version" ASC[0m
  ↳ bin/rails:9
  [1m[35m (0.7ms)[0m  [1m[34mSELECT "schema_migrations"."version" FROM "schema_migrations" ORDER BY "schema_migrations"."version" ASC[0m
  ↳ bin/rails:9
  [1m[36mUser Load (0.8ms)[0m  [1m[34mSELECT "users".* FROM "users"[0m
  [1m[35m (1.2ms)[0m  [1m[34mSELECT "schema_migrations"."version" FROM "schema_migrations" ORDER BY "schema_migrations"."version" ASC[0m
  ↳ bin/rails:9
  [1m[35m (0.2ms)[0m  [1m[35mBEGIN[0m
  ↳ db/seeds.rb:8
  [1m[36mUser Create (1.4ms)[0m  [1m[32mINSERT INTO "users" ("name", "email", "created_at", "updated_at") VALUES ($1, $2, $3, $4) RETURNING "id"[0m  [["name", "Jack"], ["email", "jack@gmail.com"], ["created_at", "2020-10-27 10:24:56.954611"], ["updated_at", "2020-10-27 10:24:56.954611"]]
  ↳ db/seeds.rb:8
  [1m[35m (125.1ms)[0m  [1m[35mCOMMIT[0m
  ↳ db/seeds.rb:8
  [1m[35m (0.3ms)[0m  [1m[35mBEGIN[0m
  ↳ db/seeds.rb:8
  [1m[36mUser Create (0.6ms)[0m  [1m[32mINSERT INTO "users" ("name", "email", "created_at", "updated_at") VALUES ($1, $2, $3, $4) RETURNING "id"[0m  [["name", "David"], ["email", "david@gmail.com"], ["created_at", "2020-10-27 10:24:57.085944"], ["updated_at", "2020-10-27 10:24:57.085944"]]
  ↳ db/seeds.rb:8
  [1m[35m (30.9ms)[0m  [1m[35mCOMMIT[0m
  ↳ db/seeds.rb:8
  [1m[35m (0.2ms)[0m  [1m[35mBEGIN[0m
  ↳ db/seeds.rb:8
  [1m[36mUser Create (0.7ms)[0m  [1m[32mINSERT INTO "users" ("name", "email", "created_at", "updated_at") VALUES ($1, $2, $3, $4) RETURNING "id"[0m  [["name", "Rose"], ["email", "rose@gmail.com"], ["created_at", "2020-10-27 10:24:57.121299"], ["updated_at", "2020-10-27 10:24:57.121299"]]
  ↳ db/seeds.rb:8
  [1m[35m (31.1ms)[0m  [1m[35mCOMMIT[0m
  ↳ db/seeds.rb:8
  [1m[35m (1.4ms)[0m  [1m[34mSELECT "schema_migrations"."version" FROM "schema_migrations" ORDER BY "schema_migrations"."version" ASC[0m
  ↳ bin/rails:9
  [1m[35m (0.2ms)[0m  [1m[35mBEGIN[0m
  ↳ db/seeds.rb:8
  [1m[36mUser Create (0.9ms)[0m  [1m[32mINSERT INTO "users" ("name", "email", "created_at", "updated_at") VALUES ($1, $2, $3, $4) RETURNING "id"[0m  [["name", "Jack"], ["email", "jack@gmail.com"], ["created_at", "2020-10-27 10:25:59.509505"], ["updated_at", "2020-10-27 10:25:59.509505"]]
  ↳ db/seeds.rb:8
  [1m[35m (87.4ms)[0m  [1m[35mCOMMIT[0m
  ↳ db/seeds.rb:8
  [1m[35m (0.2ms)[0m  [1m[35mBEGIN[0m
  ↳ db/seeds.rb:12
  [1m[36mUser Create (0.6ms)[0m  [1m[32mINSERT INTO "users" ("name", "email", "created_at", "updated_at") VALUES ($1, $2, $3, $4) RETURNING "id"[0m  [["name", "David"], ["email", "david@gmail.com"], ["created_at", "2020-10-27 10:25:59.601868"], ["updated_at", "2020-10-27 10:25:59.601868"]]
  ↳ db/seeds.rb:12
  [1m[35m (32.2ms)[0m  [1m[35mCOMMIT[0m
  ↳ db/seeds.rb:12
  [1m[35m (0.2ms)[0m  [1m[35mBEGIN[0m
  ↳ db/seeds.rb:16
  [1m[36mUser Create (0.7ms)[0m  [1m[32mINSERT INTO "users" ("name", "email", "created_at", "updated_at") VALUES ($1, $2, $3, $4) RETURNING "id"[0m  [["name", "Rose"], ["email", "rose@gmail.com"], ["created_at", "2020-10-27 10:25:59.638228"], ["updated_at", "2020-10-27 10:25:59.638228"]]
  ↳ db/seeds.rb:16
  [1m[35m (31.0ms)[0m  [1m[35mCOMMIT[0m
  ↳ db/seeds.rb:16
  [1m[36mUser Load (0.8ms)[0m  [1m[34mSELECT "users".* FROM "users"[0m
  [1m[36mUser Load (0.7ms)[0m  [1m[34mSELECT "users".* FROM "users"[0m
  [1m[36mUser Load (0.7ms)[0m  [1m[34mSELECT "users".* FROM "users"[0m
  [1m[36mUser Load (0.6ms)[0m  [1m[34mSELECT "users".* FROM "users"[0m
  [1m[36mUser Destroy (114.6ms)[0m  [1m[31mDELETE FROM "users" WHERE "users"."id" = $1[0m  [["id", 6]]
  [1m[36mUser Destroy (114.7ms)[0m  [1m[31mDELETE FROM "users" WHERE "users"."id" = $1[0m  [["id", 5]]
  [1m[36mUser Destroy (97.2ms)[0m  [1m[31mDELETE FROM "users" WHERE "users"."id" = $1[0m  [["id", 4]]
  [1m[36mUser Load (0.6ms)[0m  [1m[34mSELECT "users".* FROM "users"[0m
Started GET "/users" for ::1 at 2020-10-27 13:33:13 +0300
  [1m[35m (1.9ms)[0m  [1m[34mSELECT "schema_migrations"."version" FROM "schema_migrations" ORDER BY "schema_migrations"."version" ASC[0m
  ↳ /home/biruk/.rbenv/versions/2.7.1/lib/ruby/gems/2.7.0/gems/activerecord-5.2.4.4/lib/active_record/log_subscriber.rb:98
Processing by UsersController#index as */*
  Parameters: {"some_category"=>{"a_key"=>"'another value'", "a_second_key"=>"'yet another value'", "inner_inner_hash"=>{"key"=>"'value'"}}, "something_else"=>"'aaahhhhh'"}
  [1m[36mUser Load (1.2ms)[0m  [1m[34mSELECT "users".* FROM "users"[0m
  ↳ app/controllers/users_controller.rb:5
Completed 200 OK in 33ms (Views: 15.5ms | ActiveRecord: 12.7ms)


Started GET "/users" for ::1 at 2020-10-27 13:34:51 +0300
Processing by UsersController#index as */*
  Parameters: {"some_category"=>{"a_key"=>"'another value'", "a_second_key"=>"'yet another value'", "inner_inner_hash"=>{"key"=>"'value'"}}, "something_else"=>"'aaahhhhh'"}
  [1m[36mUser Load (1.0ms)[0m  [1m[34mSELECT "users".* FROM "users"[0m
  ↳ app/controllers/users_controller.rb:5
Completed 200 OK in 28ms (Views: 13.7ms | ActiveRecord: 8.4ms)


Started POST "/users" for ::1 at 2020-10-27 13:38:00 +0300
Processing by UsersController#create as */*
  Parameters: {"name"=>"'Lucas'", "email"=>"'lucas@gmail.com'"}
Completed 400 Bad Request in 6ms (ActiveRecord: 0.0ms)



ActionController::ParameterMissing - param is missing or the value is empty: user:
  app/controllers/users_controller.rb:9:in `create'

Started POST "/users" for ::1 at 2020-10-27 13:41:19 +0300
Processing by UsersController#create as */*
  Parameters: {"name"=>"'Lucas'", "email"=>"'lucas@gmail.com'"}
Completed 400 Bad Request in 5ms (ActiveRecord: 0.0ms)



ActionController::ParameterMissing - param is missing or the value is empty: user:
  app/controllers/users_controller.rb:10:in `create'

Started POST "/users" for ::1 at 2020-10-27 13:42:14 +0300
Processing by UsersController#create as */*
  Parameters: {"user"=>{"name"=>"'Lucas'", "email"=>"'lucas@gmail.com'"}}
  [1m[35m (0.4ms)[0m  [1m[35mBEGIN[0m
  ↳ app/controllers/users_controller.rb:11
  [1m[36mUser Create (1.2ms)[0m  [1m[32mINSERT INTO "users" ("name", "email", "created_at", "updated_at") VALUES ($1, $2, $3, $4) RETURNING "id"[0m  [["name", "'Lucas'"], ["email", "'lucas@gmail.com'"], ["created_at", "2020-10-27 10:42:14.879724"], ["updated_at", "2020-10-27 10:42:14.879724"]]
  ↳ app/controllers/users_controller.rb:11
  [1m[35m (103.7ms)[0m  [1m[35mCOMMIT[0m
  ↳ app/controllers/users_controller.rb:11
Completed 200 OK in 135ms (Views: 1.0ms | ActiveRecord: 113.9ms)


Started GET "/users" for ::1 at 2020-10-27 13:42:49 +0300
Processing by UsersController#index as */*
  [1m[36mUser Load (0.7ms)[0m  [1m[34mSELECT "users".* FROM "users"[0m
  ↳ app/controllers/users_controller.rb:5
Completed 200 OK in 6ms (Views: 4.0ms | ActiveRecord: 0.7ms)


Started POST "/users" for ::1 at 2020-10-27 13:45:59 +0300
Processing by UsersController#create as */*
  Parameters: {"user"=>{"name"=>"Henry", "email"=>"henry@gmail.com"}}
  [1m[35m (0.3ms)[0m  [1m[35mBEGIN[0m
  ↳ app/controllers/users_controller.rb:10
  [1m[36mUser Create (0.8ms)[0m  [1m[32mINSERT INTO "users" ("name", "email", "created_at", "updated_at") VALUES ($1, $2, $3, $4) RETURNING "id"[0m  [["name", "Henry"], ["email", "henry@gmail.com"], ["created_at", "2020-10-27 10:45:59.674513"], ["updated_at", "2020-10-27 10:45:59.674513"]]
  ↳ app/controllers/users_controller.rb:10
  [1m[35m (130.9ms)[0m  [1m[35mCOMMIT[0m
  ↳ app/controllers/users_controller.rb:10
Completed 200 OK in 151ms (Views: 0.9ms | ActiveRecord: 137.8ms)


Started GET "/users" for ::1 at 2020-10-27 13:46:07 +0300
Processing by UsersController#index as */*
  [1m[36mUser Load (2.4ms)[0m  [1m[34mSELECT "users".* FROM "users"[0m
  ↳ app/controllers/users_controller.rb:5
Completed 200 OK in 7ms (Views: 3.7ms | ActiveRecord: 2.4ms)


Started POST "/users" for ::1 at 2020-10-27 13:47:05 +0300
Processing by UsersController#create as */*
  Parameters: {"name"=>"Abebe", "email"=>"abebe@gmail.com"}
Completed 400 Bad Request in 1ms (ActiveRecord: 0.0ms)



ActionController::ParameterMissing - param is missing or the value is empty: user:
  app/controllers/users_controller.rb:9:in `create'

Started POST "/users" for ::1 at 2020-10-27 13:47:57 +0300
Processing by UsersController#create as */*
  Parameters: {"user"=>{"name"=>"Biruk", "email"=>nil}}
  [1m[35m (0.4ms)[0m  [1m[35mBEGIN[0m
  ↳ app/controllers/users_controller.rb:10
  [1m[35m (0.4ms)[0m  [1m[31mROLLBACK[0m
  ↳ app/controllers/users_controller.rb:10
Completed 422 Unprocessable Entity in 151ms (Views: 0.4ms | ActiveRecord: 0.8ms)


Started POST "/users" for ::1 at 2020-10-27 13:49:04 +0300
Processing by UsersController#create as */*
  Parameters: {"user"=>{"name"=>"Biruk", "email"=>"biruk@gmail.com"}}
  [1m[35m (1.4ms)[0m  [1m[35mBEGIN[0m
  ↳ app/controllers/users_controller.rb:10
  [1m[36mUser Create (1.4ms)[0m  [1m[32mINSERT INTO "users" ("name", "email", "created_at", "updated_at") VALUES ($1, $2, $3, $4) RETURNING "id"[0m  [["name", "Biruk"], ["email", "biruk@gmail.com"], ["created_at", "2020-10-27 10:49:04.315937"], ["updated_at", "2020-10-27 10:49:04.315937"]]
  ↳ app/controllers/users_controller.rb:10
  [1m[35m (99.1ms)[0m  [1m[35mCOMMIT[0m
  ↳ app/controllers/users_controller.rb:10
Completed 200 OK in 112ms (Views: 0.8ms | ActiveRecord: 101.9ms)


Started GET "/users/8" for ::1 at 2020-10-27 13:53:24 +0300
Processing by UsersController#show as */*
  Parameters: {"id"=>"8"}
Completed 500 Internal Server Error in 18ms (ActiveRecord: 0.0ms)



NoMethodError - undefined method `find_id' for #<Class:0x00005631c8b6e590>
Did you mean?  find_by:
  app/controllers/users_controller.rb:18:in `show'

Started GET "/users/8" for ::1 at 2020-10-27 13:54:24 +0300
Processing by UsersController#show as */*
  Parameters: {"id"=>"8"}
  [1m[36mUser Load (0.5ms)[0m  [1m[34mSELECT  "users".* FROM "users" WHERE "users"."id" = $1 LIMIT $2[0m  [["id", nil], ["LIMIT", 1]]
  ↳ app/controllers/users_controller.rb:18
Completed 404 Not Found in 20ms (ActiveRecord: 7.8ms)



ActiveRecord::RecordNotFound - Couldn't find User with 'id'={:id=>"8"}:
  app/controllers/users_controller.rb:18:in `show'

Started GET "/users/8" for ::1 at 2020-10-27 13:54:56 +0300
Processing by UsersController#show as */*
  Parameters: {"id"=>"8"}
  [1m[36mUser Load (0.7ms)[0m  [1m[34mSELECT  "users".* FROM "users" WHERE "users"."id" = $1 LIMIT $2[0m  [["id", nil], ["LIMIT", 1]]
  ↳ app/controllers/users_controller.rb:19
Completed 404 Not Found in 25ms (ActiveRecord: 12.7ms)



ActiveRecord::RecordNotFound - Couldn't find User with 'id'={:id=>"8"}:
  app/controllers/users_controller.rb:19:in `show'

Started GET "/users/8" for ::1 at 2020-10-27 13:56:22 +0300
Processing by UsersController#show as */*
  Parameters: {"id"=>"8"}
  [1m[36mUser Load (0.6ms)[0m  [1m[34mSELECT  "users".* FROM "users" WHERE "users"."id" = $1 LIMIT $2[0m  [["id", 8], ["LIMIT", 1]]
  ↳ app/controllers/users_controller.rb:19
Completed 200 OK in 27ms (Views: 0.9ms | ActiveRecord: 8.2ms)


Started GET "/users/18" for ::1 at 2020-10-27 13:56:30 +0300
Processing by UsersController#show as */*
  Parameters: {"id"=>"18"}
  [1m[36mUser Load (9.0ms)[0m  [1m[34mSELECT  "users".* FROM "users" WHERE "users"."id" = $1 LIMIT $2[0m  [["id", 18], ["LIMIT", 1]]
  ↳ app/controllers/users_controller.rb:19
Completed 200 OK in 12ms (Views: 0.3ms | ActiveRecord: 9.0ms)


Started GET "/users" for ::1 at 2020-10-27 14:07:13 +0300
Processing by UsersController#index as */*
  [1m[36mUser Load (5.4ms)[0m  [1m[34mSELECT "users".* FROM "users"[0m
  ↳ app/controllers/users_controller.rb:5
Completed 200 OK in 54ms (Views: 27.7ms | ActiveRecord: 20.3ms)


Started PUT "/users/9" for ::1 at 2020-10-27 14:09:02 +0300
Processing by UsersController#update as */*
  Parameters: {"user"=>{"name"=>"Abraham", "email"=>"abraham@gmail.com"}, "id"=>"9"}
  [1m[36mUser Load (0.8ms)[0m  [1m[34mSELECT  "users".* FROM "users" WHERE "users"."id" = $1 LIMIT $2[0m  [["id", 9], ["LIMIT", 1]]
  ↳ app/controllers/users_controller.rb:23
Completed 500 Internal Server Error in 11ms (ActiveRecord: 2.7ms)



NoMethodError - undefined method `premit' for #<ActionController::Parameters:0x00007f72a0431e48>
Did you mean?  permit:
  app/controllers/users_controller.rb:35:in `user_params'
  app/controllers/users_controller.rb:24:in `update'

Started PUT "/users/9" for ::1 at 2020-10-27 14:09:45 +0300
Processing by UsersController#update as */*
  Parameters: {"user"=>{"name"=>"Abraham", "email"=>"abraham@gmail.com"}, "id"=>"9"}
  [1m[36mUser Load (0.5ms)[0m  [1m[34mSELECT  "users".* FROM "users" WHERE "users"."id" = $1 LIMIT $2[0m  [["id", 9], ["LIMIT", 1]]
  ↳ app/controllers/users_controller.rb:23
  [1m[35m (0.3ms)[0m  [1m[35mBEGIN[0m
  ↳ app/controllers/users_controller.rb:24
  [1m[36mUser Update (0.9ms)[0m  [1m[33mUPDATE "users" SET "name" = $1, "email" = $2, "updated_at" = $3 WHERE "users"."id" = $4[0m  [["name", "Abraham"], ["email", "abraham@gmail.com"], ["updated_at", "2020-10-27 11:09:45.479125"], ["id", 9]]
  ↳ app/controllers/users_controller.rb:24
  [1m[35m (33.0ms)[0m  [1m[35mCOMMIT[0m
  ↳ app/controllers/users_controller.rb:24
Completed 200 OK in 85ms (Views: 0.9ms | ActiveRecord: 42.4ms)


Started PUT "/users/9" for ::1 at 2020-10-27 14:10:14 +0300
Processing by UsersController#update as */*
  Parameters: {"user"=>{"email"=>"abraham_0@gmail.com"}, "id"=>"9"}
  [1m[36mUser Load (2.3ms)[0m  [1m[34mSELECT  "users".* FROM "users" WHERE "users"."id" = $1 LIMIT $2[0m  [["id", 9], ["LIMIT", 1]]
  ↳ app/controllers/users_controller.rb:23
  [1m[35m (0.3ms)[0m  [1m[35mBEGIN[0m
  ↳ app/controllers/users_controller.rb:24
  [1m[36mUser Update (3.4ms)[0m  [1m[33mUPDATE "users" SET "email" = $1, "updated_at" = $2 WHERE "users"."id" = $3[0m  [["email", "abraham_0@gmail.com"], ["updated_at", "2020-10-27 11:10:14.460073"], ["id", 9]]
  ↳ app/controllers/users_controller.rb:24
  [1m[35m (32.2ms)[0m  [1m[35mCOMMIT[0m
  ↳ app/controllers/users_controller.rb:24
Completed 200 OK in 53ms (Views: 0.9ms | ActiveRecord: 38.1ms)


Started GET "/users" for ::1 at 2020-10-27 14:10:22 +0300
Processing by UsersController#index as */*
  [1m[36mUser Load (4.2ms)[0m  [1m[34mSELECT "users".* FROM "users"[0m
  ↳ app/controllers/users_controller.rb:5
Completed 200 OK in 18ms (Views: 12.4ms | ActiveRecord: 4.2ms)


Started DELETE "/users/9" for ::1 at 2020-10-27 14:10:47 +0300
Processing by UsersController#destroy as */*
  Parameters: {"id"=>"9"}
  [1m[36mUser Destroy (1.0ms)[0m  [1m[31mDELETE FROM "users" WHERE "users"."id" = $1[0m  [["id", nil]]
  ↳ app/controllers/users_controller.rb:29
Completed 200 OK in 10ms (Views: 0.4ms | ActiveRecord: 1.0ms)


Started GET "/users" for ::1 at 2020-10-27 14:10:54 +0300
Processing by UsersController#index as */*
  [1m[36mUser Load (0.9ms)[0m  [1m[34mSELECT "users".* FROM "users"[0m
  ↳ app/controllers/users_controller.rb:5
Completed 200 OK in 12ms (Views: 7.4ms | ActiveRecord: 0.9ms)


Started DELETE "/users/9" for ::1 at 2020-10-27 14:11:00 +0300
Processing by UsersController#destroy as */*
  Parameters: {"id"=>"9"}
  [1m[36mUser Destroy (1.2ms)[0m  [1m[31mDELETE FROM "users" WHERE "users"."id" = $1[0m  [["id", nil]]
  ↳ app/controllers/users_controller.rb:29
Completed 200 OK in 9ms (Views: 0.3ms | ActiveRecord: 1.2ms)


Started GET "/users" for ::1 at 2020-10-27 14:11:06 +0300
Processing by UsersController#index as */*
  [1m[36mUser Load (0.7ms)[0m  [1m[34mSELECT "users".* FROM "users"[0m
  ↳ app/controllers/users_controller.rb:5
Completed 200 OK in 10ms (Views: 8.7ms | ActiveRecord: 0.7ms)


Started DELETE "/users/9" for ::1 at 2020-10-27 14:13:33 +0300
Processing by UsersController#destroy as */*
  Parameters: {"id"=>"9"}
  [1m[36mUser Load (0.7ms)[0m  [1m[34mSELECT  "users".* FROM "users" WHERE "users"."id" = $1 LIMIT $2[0m  [["id", 9], ["LIMIT", 1]]
  ↳ app/controllers/users_controller.rb:29
  [1m[35m (0.4ms)[0m  [1m[35mBEGIN[0m
  ↳ app/controllers/users_controller.rb:30
  [1m[36mUser Destroy (0.9ms)[0m  [1m[31mDELETE FROM "users" WHERE "users"."id" = $1[0m  [["id", 9]]
  ↳ app/controllers/users_controller.rb:30
  [1m[35m (79.7ms)[0m  [1m[35mCOMMIT[0m
  ↳ app/controllers/users_controller.rb:30
Completed 200 OK in 111ms (Views: 1.2ms | ActiveRecord: 88.4ms)


Started GET "/users" for ::1 at 2020-10-27 14:13:38 +0300
Processing by UsersController#index as */*
  [1m[36mUser Load (1.2ms)[0m  [1m[34mSELECT "users".* FROM "users"[0m
  ↳ app/controllers/users_controller.rb:5
Completed 200 OK in 9ms (Views: 6.7ms | ActiveRecord: 1.2ms)


Started PUT "/users/9" for ::1 at 2020-10-27 14:13:49 +0300
Processing by UsersController#update as */*
  Parameters: {"user"=>{"email"=>"abraham_0@gmail.com"}, "id"=>"9"}
  [1m[36mUser Load (1.0ms)[0m  [1m[34mSELECT  "users".* FROM "users" WHERE "users"."id" = $1 LIMIT $2[0m  [["id", 9], ["LIMIT", 1]]
  ↳ app/controllers/users_controller.rb:23
Completed 500 Internal Server Error in 9ms (ActiveRecord: 1.0ms)



NoMethodError - undefined method `update!' for nil:NilClass:
  app/controllers/users_controller.rb:24:in `update'

Started DELETE "/users/9" for ::1 at 2020-10-27 14:14:06 +0300
Processing by UsersController#destroy as */*
  Parameters: {"id"=>"9"}
  [1m[36mUser Load (0.7ms)[0m  [1m[34mSELECT  "users".* FROM "users" WHERE "users"."id" = $1 LIMIT $2[0m  [["id", 9], ["LIMIT", 1]]
  ↳ app/controllers/users_controller.rb:29
Completed 500 Internal Server Error in 5ms (ActiveRecord: 0.7ms)



NoMethodError - undefined method `destroy' for nil:NilClass:
  app/controllers/users_controller.rb:30:in `destroy'

Started PUT "/users/9" for ::1 at 2020-10-27 14:20:21 +0300
  [1m[35m (1.1ms)[0m  [1m[34mSELECT "schema_migrations"."version" FROM "schema_migrations" ORDER BY "schema_migrations"."version" ASC[0m
  ↳ /home/biruk/.rbenv/versions/2.7.1/lib/ruby/gems/2.7.0/gems/activerecord-5.2.4.4/lib/active_record/log_subscriber.rb:98

SyntaxError - syntax error, unexpected '}', expecting =>
...r json: {"user does not exist"}
...                              ^
/home/biruk/AppAcademy/Rails/first_route/app/controllers/users_controller.rb:38: syntax error, unexpected '}', expecting =>
...r json: {"user does not exist"}
...                              ^
/home/biruk/AppAcademy/Rails/first_route/app/controllers/users_controller.rb:46: syntax error, unexpected end-of-input, expecting `end':
  app/controllers/users_controller.rb:28:in `'

Started PUT "/users/9" for ::1 at 2020-10-27 14:20:48 +0300
Processing by UsersController#update as */*
  Parameters: {"user"=>{"email"=>"abraham_0@gmail.com"}, "id"=>"9"}
  [1m[36mUser Load (0.8ms)[0m  [1m[34mSELECT  "users".* FROM "users" WHERE "users"."id" = $1 LIMIT $2[0m  [["id", 9], ["LIMIT", 1]]
  ↳ app/controllers/users_controller.rb:23
Completed 200 OK in 23ms (Views: 0.5ms | ActiveRecord: 3.4ms)


Started PUT "/users/9" for ::1 at 2020-10-27 14:21:13 +0300
Processing by UsersController#update as */*
  Parameters: {"user"=>{"email"=>"abraham_0@gmail.com"}, "id"=>"9"}
  [1m[36mUser Load (5.4ms)[0m  [1m[34mSELECT  "users".* FROM "users" WHERE "users"."id" = $1 LIMIT $2[0m  [["id", 9], ["LIMIT", 1]]
  ↳ app/controllers/users_controller.rb:23
Completed 200 OK in 17ms (Views: 0.5ms | ActiveRecord: 8.1ms)


Started DELETE "/users/9" for ::1 at 2020-10-27 14:21:20 +0300
Processing by UsersController#destroy as */*
  Parameters: {"id"=>"9"}
  [1m[36mUser Load (0.7ms)[0m  [1m[34mSELECT  "users".* FROM "users" WHERE "users"."id" = $1 LIMIT $2[0m  [["id", 9], ["LIMIT", 1]]
  ↳ app/controllers/users_controller.rb:33
Completed 200 OK in 3ms (Views: 0.3ms | ActiveRecord: 0.7ms)


